Determining if the pthread_create exist failed with the following output:
Change Dir: /home/alessio/catkin_ws/src/paco_actions/cmake-build-debug/CMakeFiles/CMakeTmp

Run Build Command:"/usr/bin/make" "cmTC_9ae35/fast"
/usr/bin/make -f CMakeFiles/cmTC_9ae35.dir/build.make CMakeFiles/cmTC_9ae35.dir/build
make[1]: Entering directory `/home/alessio/catkin_ws/src/paco_actions/cmake-build-debug/CMakeFiles/CMakeTmp'
Building C object CMakeFiles/cmTC_9ae35.dir/CheckSymbolExists.c.o
/usr/bin/cc     -o CMakeFiles/cmTC_9ae35.dir/CheckSymbolExists.c.o   -c /home/alessio/catkin_ws/src/paco_actions/cmake-build-debug/CMakeFiles/CMakeTmp/CheckSymbolExists.c
Linking C executable cmTC_9ae35
/opt/clion/bin/cmake/bin/cmake -E cmake_link_script CMakeFiles/cmTC_9ae35.dir/link.txt --verbose=1
/usr/bin/cc       CMakeFiles/cmTC_9ae35.dir/CheckSymbolExists.c.o  -o cmTC_9ae35 -rdynamic 
CMakeFiles/cmTC_9ae35.dir/CheckSymbolExists.c.o: In function `main':
CheckSymbolExists.c:(.text+0x16): undefined reference to `pthread_create'
collect2: error: ld returned 1 exit status
make[1]: *** [cmTC_9ae35] Error 1
make[1]: Leaving directory `/home/alessio/catkin_ws/src/paco_actions/cmake-build-debug/CMakeFiles/CMakeTmp'
make: *** [cmTC_9ae35/fast] Error 2

File /home/alessio/catkin_ws/src/paco_actions/cmake-build-debug/CMakeFiles/CMakeTmp/CheckSymbolExists.c:
/* */
#include <pthread.h>

int main(int argc, char** argv)
{
  (void)argv;
#ifndef pthread_create
  return ((int*)(&pthread_create))[argc];
#else
  (void)argc;
  return 0;
#endif
}

Determining if the function pthread_create exists in the pthreads failed with the following output:
Change Dir: /home/alessio/catkin_ws/src/paco_actions/cmake-build-debug/CMakeFiles/CMakeTmp

Run Build Command:"/usr/bin/make" "cmTC_58ca7/fast"
/usr/bin/make -f CMakeFiles/cmTC_58ca7.dir/build.make CMakeFiles/cmTC_58ca7.dir/build
make[1]: Entering directory `/home/alessio/catkin_ws/src/paco_actions/cmake-build-debug/CMakeFiles/CMakeTmp'
Building C object CMakeFiles/cmTC_58ca7.dir/CheckFunctionExists.c.o
/usr/bin/cc    -DCHECK_FUNCTION_EXISTS=pthread_create   -o CMakeFiles/cmTC_58ca7.dir/CheckFunctionExists.c.o   -c /opt/clion/bin/cmake/share/cmake-3.7/Modules/CheckFunctionExists.c
Linking C executable cmTC_58ca7
/opt/clion/bin/cmake/bin/cmake -E cmake_link_script CMakeFiles/cmTC_58ca7.dir/link.txt --verbose=1
/usr/bin/cc   -DCHECK_FUNCTION_EXISTS=pthread_create    CMakeFiles/cmTC_58ca7.dir/CheckFunctionExists.c.o  -o cmTC_58ca7 -rdynamic -lpthreads 
/usr/bin/ld: cannot find -lpthreads
collect2: error: ld returned 1 exit status
make[1]: *** [cmTC_58ca7] Error 1
make[1]: Leaving directory `/home/alessio/catkin_ws/src/paco_actions/cmake-build-debug/CMakeFiles/CMakeTmp'
make: *** [cmTC_58ca7/fast] Error 2


